[    0.000000] Initializing cgroup subsys cpuset
[    0.000000] Initializing cgroup subsys cpu
[    0.000000] Initializing cgroup subsys cpuacct
[    0.000000] Linux version 4.4.0-210-generic (buildd@lgw01-amd64-009) (gcc version 5.4.0 20160609 (Ubuntu 5.4.0-6ubuntu1~16.04.12) ) #242-Ubuntu SMP Fri Apr 16 09:57:56 UTC 2021 (Ubuntu 4.4.0-210.242-generic 4.4.262)
[    0.000000] Command line: BOOT_IMAGE=/boot/vmlinuz-4.4.0-210-generic root=LABEL=cloudimg-rootfs ro console=tty1 console=ttyS0
[    0.000000] KERNEL supported cpus:
[    0.000000]   Intel GenuineIntel
[    0.000000]   AMD AuthenticAMD
[    0.000000]   Centaur CentaurHauls
[    0.000000] [Firmware Bug]: TSC doesn't count with P0 frequency!
[    0.000000] x86/fpu: Legacy x87 FPU detected.
[    0.000000] e820: BIOS-provided physical RAM map:
[    0.000000] BIOS-e820: [mem 0x0000000000000000-0x000000000009fbff] usable
[    0.000000] BIOS-e820: [mem 0x000000000009fc00-0x000000000009ffff] reserved
[    0.000000] BIOS-e820: [mem 0x00000000000f0000-0x00000000000fffff] reserved
[    0.000000] BIOS-e820: [mem 0x0000000000100000-0x000000003ffeffff] usable
[    0.000000] BIOS-e820: [mem 0x000000003fff0000-0x000000003fffffff] ACPI data
[    0.000000] BIOS-e820: [mem 0x00000000fec00000-0x00000000fec00fff] reserved
[    0.000000] BIOS-e820: [mem 0x00000000fee00000-0x00000000fee00fff] reserved
[    0.000000] BIOS-e820: [mem 0x00000000fffc0000-0x00000000ffffffff] reserved
[    0.000000] NX (Execute Disable) protection: active
[    0.000000] SMBIOS 2.5 present.
[    0.000000] Hypervisor detected: KVM
[    0.000000] Kernel/User page tables isolation: disabled
[    0.000000] e820: last_pfn = 0x3fff0 max_arch_pfn = 0x400000000
[    0.000000] MTRR: Disabled
[    0.000000] x86/PAT: MTRRs disabled, skipping PAT initialization too.
[    0.000000] CPU MTRRs all blank - virtualized system.
[    0.000000] x86/PAT: Configuration [0-7]: WB  WT  UC- UC  WB  WT  UC- UC  
[    0.000000] found SMP MP-table at [mem 0x0009fff0-0x0009ffff] mapped at [ffff88000009fff0]
[    0.000000] Scanning 1 areas for low memory corruption
[    0.000000] RAMDISK: [mem 0x362de000-0x37166fff]
[    0.000000] ACPI: Early table checksum verification disabled
[    0.000000] ACPI: RSDP 0x00000000000E0000 000024 (v02 VBOX  )
[    0.000000] ACPI: XSDT 0x000000003FFF0030 00003C (v01 VBOX   VBOXXSDT 00000001 ASL  00000061)
[    0.000000] ACPI: FACP 0x000000003FFF00F0 0000F4 (v04 VBOX   VBOXFACP 00000001 ASL  00000061)
[    0.000000] ACPI: DSDT 0x000000003FFF0470 002325 (v02 VBOX   VBOXBIOS 00000002 INTL 20100528)
[    0.000000] ACPI: FACS 0x000000003FFF0200 000040
[    0.000000] ACPI: FACS 0x000000003FFF0200 000040
[    0.000000] ACPI: APIC 0x000000003FFF0240 00005C (v02 VBOX   VBOXAPIC 00000001 ASL  00000061)
[    0.000000] ACPI: SSDT 0x000000003FFF02A0 0001CC (v01 VBOX   VBOXCPUT 00000002 INTL 20100528)
[    0.000000] No NUMA configuration found
[    0.000000] Faking a node at [mem 0x0000000000000000-0x000000003ffeffff]
[    0.000000] NODE_DATA(0) allocated [mem 0x3ffeb000-0x3ffeffff]
[    0.000000] kvm-clock: Using msrs 4b564d01 and 4b564d00
[    0.000000] kvm-clock: cpu 0, msr 0:3ffe3001, primary cpu clock
[    0.000000] kvm-clock: using sched offset of 3802010084 cycles
[    0.000000] clocksource: kvm-clock: mask: 0xffffffffffffffff max_cycles: 0x1cd42e4dffb, max_idle_ns: 881590591483 ns
[    0.000000] Zone ranges:
[    0.000000]   DMA      [mem 0x0000000000001000-0x0000000000ffffff]
[    0.000000]   DMA32    [mem 0x0000000001000000-0x000000003ffeffff]
[    0.000000]   Normal   empty
[    0.000000]   Device   empty
[    0.000000] Movable zone start for each node
[    0.000000] Early memory node ranges
[    0.000000]   node   0: [mem 0x0000000000001000-0x000000000009efff]
[    0.000000]   node   0: [mem 0x0000000000100000-0x000000003ffeffff]
[    0.000000] Initmem setup node 0 [mem 0x0000000000001000-0x000000003ffeffff]
[    0.000000] ACPI: PM-Timer IO Port: 0x4008
[    0.000000] IOAPIC[0]: apic_id 2, version 32, address 0xfec00000, GSI 0-23
[    0.000000] ACPI: INT_SRC_OVR (bus 0 bus_irq 0 global_irq 2 dfl dfl)
[    0.000000] ACPI: INT_SRC_OVR (bus 0 bus_irq 9 global_irq 9 low level)
[    0.000000] Using ACPI (MADT) for SMP configuration information
[    0.000000] smpboot: Allowing 2 CPUs, 0 hotplug CPUs
[    0.000000] PM: Registered nosave memory: [mem 0x00000000-0x00000fff]
[    0.000000] PM: Registered nosave memory: [mem 0x0009f000-0x0009ffff]
[    0.000000] PM: Registered nosave memory: [mem 0x000a0000-0x000effff]
[    0.000000] PM: Registered nosave memory: [mem 0x000f0000-0x000fffff]
[    0.000000] e820: [mem 0x40000000-0xfebfffff] available for PCI devices
[    0.000000] Booting paravirtualized kernel on KVM
[    0.000000] clocksource: refined-jiffies: mask: 0xffffffff max_cycles: 0xffffffff, max_idle_ns: 7645519600211568 ns
[    0.000000] setup_percpu: NR_CPUS:512 nr_cpumask_bits:512 nr_cpu_ids:2 nr_node_ids:1
[    0.000000] PERCPU: Embedded 33 pages/cpu @ffff88003fc00000 s95192 r8192 d31784 u1048576
[    0.000000] Built 1 zonelists in Node order, mobility grouping on.  Total pages: 257912
[    0.000000] Policy zone: DMA32
[    0.000000] Kernel command line: BOOT_IMAGE=/boot/vmlinuz-4.4.0-210-generic root=LABEL=cloudimg-rootfs ro console=tty1 console=ttyS0
[    0.000000] PID hash table entries: 4096 (order: 3, 32768 bytes)
[    0.000000] Memory: 997796K/1048120K available (8644K kernel code, 1332K rwdata, 4044K rodata, 1492K init, 1164K bss, 50324K reserved, 0K cma-reserved)
[    0.000000] SLUB: HWalign=64, Order=0-3, MinObjects=0, CPUs=2, Nodes=1
[    0.000000] Hierarchical RCU implementation.
[    0.000000] 	Build-time adjustment of leaf fanout to 64.
[    0.000000] 	RCU restricting CPUs from NR_CPUS=512 to nr_cpu_ids=2.
[    0.000000] RCU: Adjusting geometry for rcu_fanout_leaf=64, nr_cpu_ids=2
[    0.000000] NR_IRQS:33024 nr_irqs:440 16
[    0.000000] Console: colour VGA+ 80x25
[    0.000000] console [tty1] enabled
[    0.000000] console [ttyS0] enabled
[    0.000000] tsc: Detected 4150.004 MHz processor
[    0.405024] Calibrating delay loop (skipped) preset value.. 8300.00 BogoMIPS (lpj=16600016)
[    0.410437] pid_max: default: 32768 minimum: 301
[    0.413064] ACPI: Core revision 20150930
[    0.416350] ACPI: 2 ACPI AML tables successfully acquired and loaded
[    0.421016] Security Framework initialized
[    0.423614] Yama: becoming mindful.
[    0.426004] AppArmor: AppArmor initialized
[    0.428658] Dentry cache hash table entries: 131072 (order: 8, 1048576 bytes)
[    0.439296] Inode-cache hash table entries: 65536 (order: 7, 524288 bytes)
[    0.445614] Mount-cache hash table entries: 2048 (order: 2, 16384 bytes)
[    0.450063] Mountpoint-cache hash table entries: 2048 (order: 2, 16384 bytes)
[    0.456071] Initializing cgroup subsys io
[    0.458545] Initializing cgroup subsys memory
[    0.461953] Initializing cgroup subsys devices
[    0.465348] Initializing cgroup subsys freezer
[    0.468598] Initializing cgroup subsys net_cls
[    0.471458] Initializing cgroup subsys perf_event
[    0.474802] Initializing cgroup subsys net_prio
[    0.477700] Initializing cgroup subsys hugetlb
[    0.480632] Initializing cgroup subsys pids
[    0.483922] mce: CPU supports 0 MCE banks
[    0.487195] Last level iTLB entries: 4KB 1024, 2MB 1024, 4MB 512
[    0.493196] Last level dTLB entries: 4KB 2048, 2MB 2048, 4MB 1024, 1GB 0
[    0.498841] Spectre V1 : Mitigation: usercopy/swapgs barriers and __user pointer sanitization
[    0.506606] Spectre V2 : Spectre mitigation: LFENCE not serializing, switching to generic retpoline
[    0.515523] Spectre V2 : Mitigation: Full generic retpoline
[    0.519545] Spectre V2 : Spectre v2 / SpectreRSB mitigation: Filling RSB on context switch
[    0.526250] Speculative Store Bypass: Mitigation: Speculative Store Bypass disabled via prctl and seccomp
[    0.555418] Freeing SMP alternatives memory: 36K
[    0.602597] ftrace: allocating 32380 entries in 127 pages
[    1.074053] smpboot: APIC(0) Converting physical 0 to logical package 0
[    1.078927] smpboot: Max logical packages: 1
[    1.092863] ..TIMER: vector=0x30 apic1=0 pin1=2 apic2=-1 pin2=-1
[    1.205225] smpboot: CPU0: AMD Ryzen 3 3100 4-Core Processor (family: 0x17, model: 0x71, stepping: 0x0)
[    1.212687] Performance Events: Broken PMU hardware detected, using software events only.
[    1.217904] Failed to access perfctr msr (MSR c0010007 is 0)
[    1.263258] KVM setup paravirtual spinlock
[    1.270536] x86: Booting SMP configuration:
[    1.273184] .... node  #0, CPUs:      #1
[    1.277051] kvm-clock: cpu 1, msr 0:3ffe3041, secondary cpu clock
[    1.280729] mce: CPU supports 0 MCE banks
[    1.284094] TSC synchronization [CPU#0 -> CPU#1]:
[    1.296493] Measured 81880 cycles TSC warp between CPUs, turning off TSC clock.
[    1.308033] tsc: Marking TSC unstable due to check_tsc_sync_source failed
[    0.408543] x86: Booted up 1 node, 2 CPUs
[    0.411005] smpboot: Total of 2 processors activated (16600.01 BogoMIPS)
[    0.416009] devtmpfs: initialized
[    0.421190] evm: security.selinux
[    0.423515] evm: security.SMACK64
[    0.424011] evm: security.SMACK64EXEC
[    0.428052] evm: security.SMACK64TRANSMUTE
[    0.435537] evm: security.SMACK64MMAP
[    0.436007] evm: security.ima
[    0.440008] evm: security.capability
[    0.444233] clocksource: jiffies: mask: 0xffffffff max_cycles: 0xffffffff, max_idle_ns: 7645041785100000 ns
[    0.448048] futex hash table entries: 512 (order: 3, 32768 bytes)
[    0.452272] pinctrl core: initialized pinctrl subsystem
[    0.460118] RTC time:  9:15:21, date: 07/12/21
[    0.463579] NET: Registered protocol family 16
[    0.476011] cpuidle: using governor ladder
[    0.488013] cpuidle: using governor menu
[    0.490301] PCCT header not found.
[    0.493577] ACPI: bus type PCI registered
[    0.496005] acpiphp: ACPI Hot Plug PCI Controller Driver version: 0.5
[    0.500593] PCI: Using configuration type 1 for base access
[    0.504004] PCI: Using configuration type 1 for extended access
[    0.524311] ACPI: Added _OSI(Module Device)
[    0.528005] ACPI: Added _OSI(Processor Device)
[    0.530913] ACPI: Added _OSI(3.0 _SCP Extensions)
[    0.532008] ACPI: Added _OSI(Processor Aggregator Device)
[    0.536211] ACPI: Executed 1 blocks of module-level executable AML code
[    0.542985] ACPI: Interpreter enabled
[    0.544021] ACPI: (supports S0 S5)
[    0.548003] ACPI: Using IOAPIC for interrupt routing
[    0.551105] PCI: Using host bridge windows from ACPI; if necessary, use "pci=nocrs" and report a bug
[    0.560390] ACPI: PCI Root Bridge [PCI0] (domain 0000 [bus 00-ff])
[    0.564011] acpi PNP0A03:00: _OSC: OS supports [ExtendedConfig ASPM ClockPM Segments MSI]
[    0.568915] acpi PNP0A03:00: _OSC: platform does not support [PCIeCapability]
[    0.572483] acpi PNP0A03:00: _OSC: not requesting control; platform does not support [PCIeCapability]
[    0.576008] acpi PNP0A03:00: _OSC: OS requested [PCIeHotplug PME AER PCIeCapability]
[    0.580008] acpi PNP0A03:00: _OSC: platform willing to grant [PCIeHotplug PME AER]
[    0.584010] acpi PNP0A03:00: _OSC failed (AE_SUPPORT); disabling ASPM
[    0.588481] PCI host bridge to bus 0000:00
[    0.590862] pci_bus 0000:00: root bus resource [io  0x0000-0x0cf7 window]
[    0.592010] pci_bus 0000:00: root bus resource [io  0x0d00-0xffff window]
[    0.596012] pci_bus 0000:00: root bus resource [mem 0x000a0000-0x000bffff window]
[    0.600011] pci_bus 0000:00: root bus resource [mem 0x40000000-0xfdffffff window]
[    0.604008] pci_bus 0000:00: root bus resource [bus 00-ff]
[    0.615452] pci 0000:00:01.1: legacy IDE quirk: reg 0x10: [io  0x01f0-0x01f7]
[    0.616007] pci 0000:00:01.1: legacy IDE quirk: reg 0x14: [io  0x03f6]
[    0.620008] pci 0000:00:01.1: legacy IDE quirk: reg 0x18: [io  0x0170-0x0177]
[    0.624010] pci 0000:00:01.1: legacy IDE quirk: reg 0x1c: [io  0x0376]
[    0.685598] pci 0000:00:07.0: quirk: [io  0x4000-0x403f] claimed by PIIX4 ACPI
[    0.700030] pci 0000:00:07.0: quirk: [io  0x4100-0x410f] claimed by PIIX4 SMB
[    0.720122] ACPI: PCI Interrupt Link [LNKA] (IRQs 5 9 10 *11)
[    0.732130] ACPI: PCI Interrupt Link [LNKB] (IRQs 5 9 *10 11)
[    0.741487] ACPI: PCI Interrupt Link [LNKC] (IRQs 5 *9 10 11)
[    0.753027] ACPI: PCI Interrupt Link [LNKD] (IRQs 5 9 10 *11)
[    0.764707] ACPI: Enabled 2 GPEs in block 00 to 07
[    0.772276] vgaarb: setting as boot device: PCI:0000:00:02.0
[    0.776000] vgaarb: device added: PCI:0000:00:02.0,decodes=io+mem,owns=io+mem,locks=none
[    0.792006] vgaarb: loaded
[    0.793944] vgaarb: bridge control possible 0000:00:02.0
[    0.804341] SCSI subsystem initialized
[    0.808249] ACPI: bus type USB registered
[    0.812049] usbcore: registered new interface driver usbfs
[    0.816011] usbcore: registered new interface driver hub
[    0.819041] usbcore: registered new device driver usb
[    0.824260] PCI: Using ACPI for IRQ routing
[    0.828472] NetLabel: Initializing
[    0.830472] NetLabel:  domain hash size = 128
[    0.832003] NetLabel:  protocols = UNLABELED CIPSOv4
[    0.836020] NetLabel:  unlabeled traffic allowed by default
[    0.840120] amd_nb: Cannot enumerate AMD northbridges
[    0.844203] clocksource: Switched to clocksource kvm-clock
[    0.852611] AppArmor: AppArmor Filesystem Enabled
[    0.852611] pnp: PnP ACPI init
[    0.852611] pnp: PnP ACPI: found 3 devices
[    0.920855] clocksource: acpi_pm: mask: 0xffffff max_cycles: 0xffffff, max_idle_ns: 2085701024 ns
[    0.924476] NET: Registered protocol family 2
[    0.928719] TCP established hash table entries: 8192 (order: 4, 65536 bytes)
[    0.932942] TCP bind hash table entries: 8192 (order: 5, 131072 bytes)
[    0.936657] TCP: Hash tables configured (established 8192 bind 8192)
[    0.936657] UDP hash table entries: 512 (order: 2, 16384 bytes)
[    0.936657] UDP-Lite hash table entries: 512 (order: 2, 16384 bytes)
[    0.936657] NET: Registered protocol family 1
[    0.936657] pci 0000:00:00.0: Limiting direct PCI/PCI transfers
[    0.936657] pci 0000:00:01.0: Activating ISA DMA hang workarounds
[    0.936657] Unpacking initramfs...
[    1.334050] Freeing initrd memory: 14884K
[    1.336900] clocksource: tsc: mask: 0xffffffffffffffff max_cycles: 0x3bd1e40784c, max_idle_ns: 440795398585 ns
[    1.342545] platform rtc_cmos: registered platform RTC device (no PNP device found)
[    1.348164] Scanning for low memory corruption every 60 seconds
[    1.352804] audit: initializing netlink subsys (disabled)
[    1.356417] audit: type=2000 audit(1626081326.504:1): initialized
[    1.360213] Initialise system trusted keyring
[    1.365588] HugeTLB registered 2 MB page size, pre-allocated 0 pages
[    1.371908] zbud: loaded
[    1.374506] VFS: Disk quotas dquot_6.6.0
[    1.377464] VFS: Dquot-cache hash table entries: 512 (order 0, 4096 bytes)
[    1.381920] squashfs: version 4.0 (2009/01/31) Phillip Lougher
[    1.386222] fuse init (API version 7.23)
[    1.389283] Key type big_key registered
[    1.391417] Allocating IMA MOK and blacklist keyrings.
[    1.406562] Key type asymmetric registered
[    1.408937] Asymmetric key parser 'x509' registered
[    1.411667] Block layer SCSI generic (bsg) driver version 0.4 loaded (major 249)
[    1.417095] io scheduler noop registered
[    1.419434] io scheduler deadline registered (default)
[    1.423240] io scheduler cfq registered
[    1.425911] pci_hotplug: PCI Hot Plug PCI Core version: 0.5
[    1.429209] pciehp: PCI Express Hot Plug Controller Driver version: 0.4
[    1.433154] ACPI: AC Adapter [AC] (on-line)
[    1.435649] input: Power Button as /devices/LNXSYSTM:00/LNXPWRBN:00/input/input0
[    1.441102] ACPI: Power Button [PWRF]
[    1.443361] input: Sleep Button as /devices/LNXSYSTM:00/LNXSLPBN:00/input/input1
[    1.448414] ACPI: Sleep Button [SLPF]
[    1.451199] GHES: HEST is not enabled!
[    1.453878] Serial: 8250/16550 driver, 32 ports, IRQ sharing enabled
[    1.480626] 00:02: ttyS0 at I/O 0x3f8 (irq = 4, base_baud = 115200) is a 16550A
[    1.496461] Linux agpgart interface v0.103
[    1.511402] loop: module loaded
[    1.515595] scsi host0: ata_piix
[    1.518984] scsi host1: ata_piix
[    1.521288] ata1: PATA max UDMA/33 cmd 0x1f0 ctl 0x3f6 bmdma 0xd000 irq 14
[    1.525241] ata2: PATA max UDMA/33 cmd 0x170 ctl 0x376 bmdma 0xd008 irq 15
[    1.529370] libphy: Fixed MDIO Bus: probed
[    1.531774] tun: Universal TUN/TAP device driver, 1.6
[    1.535385] tun: (C) 1999-2004 Max Krasnyansky <maxk@qualcomm.com>
[    1.540160] PPP generic driver version 2.4.2
[    1.543104] ehci_hcd: USB 2.0 'Enhanced' Host Controller (EHCI) Driver
[    1.547383] ehci-pci: EHCI PCI platform driver
[    1.550436] ehci-platform: EHCI generic platform driver
[    1.553680] ohci_hcd: USB 1.1 'Open' Host Controller (OHCI) Driver
[    1.557411] ohci-pci: OHCI PCI platform driver
[    1.559957] ohci-platform: OHCI generic platform driver
[    1.563836] uhci_hcd: USB Universal Host Controller Interface driver
[    1.568392] i8042: PNP: PS/2 Controller [PNP0303:PS2K,PNP0f03:PS2M] at 0x60,0x64 irq 1,12
[    1.575467] serio: i8042 KBD port at 0x60,0x64 irq 1
[    1.578991] serio: i8042 AUX port at 0x60,0x64 irq 12
[    1.582792] mousedev: PS/2 mouse device common for all mice
[    1.587393] rtc_cmos rtc_cmos: rtc core: registered rtc_cmos as rtc0
[    1.592585] rtc_cmos rtc_cmos: alarms up to one day, 114 bytes nvram
[    1.596899] i2c /dev entries driver
[    1.599851] device-mapper: uevent: version 1.0.3
[    1.599864] input: AT Translated Set 2 keyboard as /devices/platform/i8042/serio0/input/input2
[    1.610412] device-mapper: ioctl: 4.34.0-ioctl (2015-10-28) initialised: dm-devel@redhat.com
[    1.615486] ledtrig-cpu: registered to indicate activity on CPUs
[    1.621827] NET: Registered protocol family 10
[    1.625092] NET: Registered protocol family 17
[    1.627554] Key type dns_resolver registered
[    1.631846] registered taskstats version 1
[    1.634376] Loading compiled-in X.509 certificates
[    1.637506] Loaded X.509 cert 'Build time autogenerated kernel key: cf00e047681d67edb2720680708b7d9498083038'
[    1.643055] zswap: loaded using pool lzo/zbud
[    1.649572] Key type trusted registered
[    1.658460] Key type encrypted registered
[    1.660794] AppArmor: AppArmor sha1 policy hashing enabled
[    1.663752] ima: No TPM chip found, activating TPM-bypass!
[    1.667379] ima: Allocated hash algorithm: sha1
[    1.670320] evm: HMAC attrs: 0x1
[    1.672963]   Magic number: 13:579:272
[    1.675495] rtc_cmos rtc_cmos: setting system clock to 2021-07-12 09:15:22 UTC (1626081322)
[    1.680990] BIOS EDD facility v0.16 2004-Jun-25, 0 devices found
[    1.684209] EDD information not available.
[    1.734092] Freeing unused kernel memory: 1492K
[    1.752213] Write protecting the kernel read-only data: 14336k
[    1.756622] Freeing unused kernel memory: 1584K
[    1.759480] Freeing unused kernel memory: 52K
Loading, please wait...
starting version 229
[    1.781564] random: systemd-udevd: uninitialized urandom read (16 bytes read, 5 bits of entropy available)
[    1.781713] random: udevadm: uninitialized urandom read (16 bytes read, 5 bits of entropy available)
[    1.781723] random: udevadm: uninitialized urandom read (16 bytes read, 5 bits of entropy available)
[    1.794090] random: udevadm: uninitialized urandom read (16 bytes read, 5 bits of entropy available)
[    1.794137] random: udevadm: uninitialized urandom read (16 bytes read, 5 bits of entropy available)
[    1.794327] random: udevadm: uninitialized urandom read (16 bytes read, 5 bits of entropy available)
[    1.794393] random: udevadm: uninitialized urandom read (16 bytes read, 5 bits of entropy available)
[    1.794471] random: udevadm: uninitialized urandom read (16 bytes read, 5 bits of entropy available)
[    1.794502] random: udevadm: uninitialized urandom read (16 bytes read, 5 bits of entropy available)
[    1.794528] random: udevadm: uninitialized urandom read (16 bytes read, 5 bits of entropy available)
[    1.875962] e1000: Intel(R) PRO/1000 Network Driver - version 7.3.21-k8-NAPI
[    1.881807] e1000: Copyright (c) 1999-2006 Intel Corporation.
[    1.899891] Fusion MPT base driver 3.04.20
[    1.903191] Copyright (c) 1999-2008 LSI Corporation
[    1.923684] Fusion MPT SPI Host driver 3.04.20
[    2.459400] input: ImExPS/2 Generic Explorer Mouse as /devices/platform/i8042/serio1/input/input4
[    2.481593] e1000 0000:00:03.0 eth0: (PCI:33MHz:32-bit) 02:0f:93:65:62:e0
[    2.485417] e1000 0000:00:03.0 eth0: Intel(R) PRO/1000 Network Connection
[    2.491046] e1000 0000:00:03.0 enp0s3: renamed from eth0
[    2.494781] mptbase: ioc0: Initiating bringup
[    2.561659] ioc0: LSI53C1030 A0: Capabilities={Initiator}
[    2.734043] scsi host2: ioc0: LSI53C1030 A0, FwRev=00000000h, Ports=1, MaxQ=256, IRQ=20
[    2.849041] scsi 2:0:0:0: Direct-Access     VBOX     HARDDISK         1.0  PQ: 0 ANSI: 5
[    2.853849] scsi target2:0:0: Beginning Domain Validation
[    2.862283] scsi target2:0:0: Domain Validation skipping write tests
[    2.865835] scsi target2:0:0: Ending Domain Validation
[    2.868999] scsi target2:0:0: asynchronous
[    2.873991] scsi 2:0:1:0: Direct-Access     VBOX     HARDDISK         1.0  PQ: 0 ANSI: 5
[    2.878498] scsi target2:0:1: Beginning Domain Validation
[    2.889956] scsi target2:0:1: Domain Validation skipping write tests
[    2.894320] scsi target2:0:1: Ending Domain Validation
[    2.897416] scsi target2:0:1: asynchronous
[    2.923317] sd 2:0:0:0: [sda] 83886080 512-byte logical blocks: (42.9 GB/40.0 GiB)
[    2.924237] sd 2:0:0:0: Attached scsi generic sg0 type 0
[    2.924855] sd 2:0:1:0: [sdb] 20480 512-byte logical blocks: (10.5 MB/10.0 MiB)
[    2.925355] sd 2:0:1:0: [sdb] Write Protect is off
[    2.925683] sd 2:0:1:0: [sdb] Incomplete mode parameter data
[    2.925685] sd 2:0:1:0: [sdb] Assuming drive cache: write through
[    2.927828] sd 2:0:1:0: Attached scsi generic sg1 type 0
[    2.930823] sd 2:0:1:0: [sdb] Attached SCSI disk
[    2.953037] sd 2:0:0:0: [sda] Write Protect is off
[    2.957026] sd 2:0:0:0: [sda] Incomplete mode parameter data
[    2.960269] sd 2:0:0:0: [sda] Assuming drive cache: write through
[    2.967544]  sda: sda1
[    2.972344] sd 2:0:0:0: [sda] Attached SCSI disk
Begin: Loading essential drivers ... [    4.400948] md: linear personality registered for level -1
[    4.407161] md: multipath personality registered for level -4
[    4.413141] md: raid0 personality registered for level 0
[    4.424524] md: raid1 personality registered for level 1
[    4.447406] INFO: rcu_sched self-detected stall on CPU[  168.606953] INFO: rcu_sched detected stalls on CPUs/tasks:
[  168.606955] 	1-...: (1 ticks this GP) idle=db7/140000000000001/0 softirq=588/588 fqs=1 
[  168.606956] 	(detected by 0, t=41043 jiffies, g=-162, c=-163, q=102)
[  168.606957] Task dump for CPU 1:
[  168.606958] modprobe        R  running task        0   229    215 0x00000008
[  168.606961]  ffff880036ebff38 ffffffff81112cf4 ffffc90000221000 0000000000019ae8
[  168.606962]  ffffc9000023a2e8 ffffc9000023a1a8 ffffc90000238518 0000000000018000
[  168.606991]  0000000000018810 0000000000000000 0000000100000000 00000000000024f8
[  168.606992] Call Trace:
[  168.606998]  [<ffffffff81112cf4>] ? SYSC_finit_module+0xb4/0xe0
[  168.607000]  [<ffffffff81112d3e>] SyS_finit_module+0xe/0x10
[  168.607002]  [<ffffffff8186bb5b>] entry_SYSCALL_64_fastpath+0x22/0xd0
[  168.607005] rcu_sched kthread starved for 41041 jiffies! g18446744073709551454 c18446744073709551453 f0x0 s3 ->state=0x1

[  168.607014] 
[  168.607014] 	1-...: (1 ticks this GP) idle=db7/140000000000001/0 softirq=588/588 fqs=2 
[  168.607014] 	 (t=41043 jiffies g=-162 c=-163 q=102)
[  168.607014] Task dump for CPU 1:
[  168.607014] modprobe        R  running task        0   229    215 0x00000008
[  168.607014]  ffff880036934e00 8183930926fdb5fe ffff88003fd03da0 ffffffff810b4d89
[  168.607014]  0000000000000001 ffffffff81e577c0 ffff88003fd03db8 ffffffff810b75b7
[  168.607014]  0000000000000002 ffff88003fd03de8 ffffffff810ec56e ffff88003fd16f80
[  168.607014] Call Trace:
[  168.607014]  <IRQ>  [<ffffffff810b4d89>] sched_show_task+0xa9/0x110
[  168.607014]  [<ffffffff810b75b7>] dump_cpu_task+0x37/0x40
[  168.607014]  [<ffffffff810ec56e>] rcu_dump_cpu_stacks+0x8e/0xe0
[  168.607014]  [<ffffffff810f0560>] rcu_check_callbacks+0x500/0x7f0
[  168.607014]  [<ffffffff81149f6c>] ? acct_account_cputime+0x1c/0x20
[  168.607014]  [<ffffffff810b8059>] ? account_system_time+0x79/0x120
[  168.607014]  [<ffffffff81106b70>] ? tick_sched_handle.isra.14+0x60/0x60
[  168.607014]  [<ffffffff810f6a29>] update_process_times+0x39/0x60
[  168.607014]  [<ffffffff81106b35>] tick_sched_handle.isra.14+0x25/0x60
[  168.607014]  [<ffffffff81106bad>] tick_sched_timer+0x3d/0x70
[  168.607014]  [<ffffffff810f7334>] __hrtimer_run_queues+0xf4/0x260
[  168.607014]  [<ffffffff810f7a88>] hrtimer_interrupt+0xa8/0x1a0
[  168.607014]  [<ffffffff81055b3e>] local_apic_timer_interrupt+0x3e/0x60
[  168.607014]  [<ffffffff8186f44b>] smp_apic_timer_interrupt+0x4b/0x70
[  168.607014]  [<ffffffff8186cb94>] apic_timer_interrupt+0xd4/0xe0
[  168.607014]  <EOI>  [<ffffffffc00b12fc>] ? raid6_sse21_gen_syndrome+0xac/0x120 [raid6_pq]
[  168.607014]  [<ffffffffc00b128d>] ? raid6_sse21_gen_syndrome+0x3d/0x120 [raid6_pq]
[  168.607014]  [<ffffffffc00c911f>] init_module+0x11f/0x1000 [raid6_pq]
[  168.607014]  [<ffffffffc00c9000>] ? 0xffffffffc00c9000
[  168.607014]  [<ffffffff81002135>] do_one_initcall+0xb5/0x200
[  168.607014]  [<ffffffff811fa09a>] ? kmem_cache_alloc_trace+0x8a/0x1f0
[  168.607014]  [<ffffffff811faceb>] ? kfree+0xab/0x150
[  168.607014]  [<ffffffff8185a350>] do_init_module+0x5f/0x1da
[  168.607014]  [<ffffffff8111254c>] load_module+0x171c/0x1c80
[  168.607014]  [<ffffffff8110e9d0>] ? __symbol_put+0x60/0x60
[  168.607014]  [<ffffffff81222b50>] ? kernel_read+0x50/0x80
[  168.607014]  [<ffffffff81112cf4>] SYSC_finit_module+0xb4/0xe0
[  168.607014]  [<ffffffff81112d3e>] SyS_finit_module+0xe/0x10
[  168.607014]  [<ffffffff8186bb5b>] entry_SYSCALL_64_fastpath+0x22/0xd0
[  168.809448] raid6: sse2x1   gen() 21571576 MB/s
[  169.600717] raid6: sse2x1   xor() 88004 MB/s
[  169.678834] raid6: sse2x2   gen() 17436 MB/s
[  169.754197] raid6: sse2x2   xor() 11579 MB/s
[  169.828841] raid6: sse2x4   gen() 17358 MB/s
[  169.904217] raid6: sse2x4   xor() 10197 MB/s
[  169.906641] raid6: using algorithm sse2x1 gen() 21571576 MB/s
[  169.910525] raid6: .... xor() 88004 MB/s, rmw enabled
[  169.913863] raid6: using ssse3x2 recovery algorithm
[  169.918596] xor: measuring software checksum speed
[  169.960674]    prefetch64-sse: 15502.000 MB/sec
[  170.000578]    generic_sse: 18740.000 MB/sec
[  170.003144] xor: using function: generic_sse (18740.000 MB/sec)
[  170.009214] async_tx: api initialized (async)
[  170.040282] md: raid6 personality registered for level 6
[  170.044809] md: raid5 personality registered for level 5
[  170.047845] md: raid4 personality registered for level 4
[  170.067077] md: raid10 personality registered for level 10
done.
Begin: Running /scripts/init-premount ... done.
Begin: Mounting root file system ... Begin: Running /scripts/local-top ... done.
Begin: Running /scripts/local-premount ... [  170.126800] Btrfs loaded
Scanning for Btrfs filesystems
done.
Warning: fsck not present, so skipping root file system
[  170.179405] EXT4-fs (sda1): mounted filesystem with ordered data mode. Opts: (null)
done.
Begin: Running /scripts/local-bottom ... done.
Begin: Running /scripts/init-bottom ... done.
[  170.311754] systemd[1]: systemd 229 running in system mode. (+PAM +AUDIT +SELINUX +IMA +APPARMOR +SMACK +SYSVINIT +UTMP +LIBCRYPTSETUP +GCRYPT +GNUTLS +ACL +XZ -LZ4 +SECCOMP +BLKID +ELFUTILS +KMOD -IDN)
[  170.323377] systemd[1]: Detected virtualization oracle.
[  170.326893] systemd[1]: Detected architecture x86-64.

Welcome to [1mUbuntu 16.04.7 LTS[0m!

[  170.337366] systemd[1]: Set hostname to <ubuntu-xenial>.
[  170.506272] systemd[1]: Listening on Journal Socket.
[[0;32m  OK  [0m] Listening on Journal Socket.
[  170.513695] systemd[1]: Reached target System Time Synchronized.
[[0;32m  OK  [0m] Reached target System Time Synchronized.
[  170.521521] systemd[1]: Reached target User and Group Name Lookups.
[[0;32m  OK  [0m] Reached target User and Group Name Lookups.
[  170.529430] systemd[1]: Reached target Encrypted Volumes.
[[0;32m  OK  [0m] Reached target Encrypted Volumes.
[  170.537024] systemd[1]: Set up automount Arbitrary Executable File Formats File System Automount Point.
[[0;32m  OK  [0m] Set up automount Arbitrary Executab...ats File System Automount Point.
[  170.548324] systemd[1]: Reached target Swap.
[[0;32m  OK  [0m] Reached target Swap.
[  170.554636] systemd[1]: Listening on udev Control Socket.
[[0;32m  OK  [0m] Listening on udev Control Socket.
[  170.562324] systemd[1]: Started Trigger resolvconf update for networkd DNS.
[[0;32m  OK  [0m] Started Trigger resolvconf update for networkd DNS.
[  170.570917] systemd[1]: Listening on /dev/initctl Compatibility Named Pipe.
[[0;32m  OK  [0m] Listening on /dev/initctl Compatibility Named Pipe.
[  170.580516] systemd[1]: Listening on LVM2 metadata daemon socket.
[[0;32m  OK  [0m] Listening on LVM2 metadata daemon socket.
[  170.588167] systemd[1]: Listening on udev Kernel Socket.
[[0;32m  OK  [0m] Listening on udev Kernel Socket.
[  170.595363] systemd[1]: Listening on Syslog Socket.
[[0;32m  OK  [0m] Listening on Syslog Socket.
[  170.603122] systemd[1]: Created slice User and Session Slice.
[[0;32m  OK  [0m] Created slice User and Session Slice.
[  170.611265] systemd[1]: Listening on Device-mapper event daemon FIFOs.
[[0;32m  OK  [0m] Listening on Device-mapper event daemon FIFOs.
[  170.619871] systemd[1]: Listening on LVM2 poll daemon socket.
[[0;32m  OK  [0m] Listening on LVM2 poll daemon socket.
[  170.628339] systemd[1]: Listening on Journal Audit Socket.
[[0;32m  OK  [0m] Listening on Journal Audit Socket.
[  170.635933] systemd[1]: Created slice System Slice.
[[0;32m  OK  [0m] Created slice System Slice.
[  170.656955] systemd[1]: Mounting Huge Pages File System...
         Mounting Huge Pages File System...
[  170.667022] systemd[1]: Mounting Debug File System...
         Mounting Debug File System...
[  170.674770] systemd[1]: Starting Uncomplicated firewall...
         Starting Uncomplicated firewall...
[  170.684003] systemd[1]: Starting Set console keymap...
         Starting Set console keymap...
[  170.699256] systemd[1]: Starting Nameserver information manager...
         Starting Nameserver information manager...
[  170.713421] systemd[1]: Starting Create list of required static device nodes for the current kernel...
         Starting Create list of required st... nodes for the current kernel...
[  170.727780] systemd[1]: Starting Load Kernel Modules...
         Starting Load Kernel Modules...
[  170.746274] systemd[1]: Starting Monitoring of LVM2 mirrors, snapshots etc. using dmeventd or progress polling...
[  170.754462] Loading iSCSI transport class v2.0-870.
         Starting Monitoring of LVM2 mirrors... dmeventd or progress polling...
[  170.763352] systemd[1]: Mounting POSIX Message Queue File System...
         Mounting POSIX Message Queue File System...
[  170.776860] systemd[1]: Created slice system-serial\x2dgetty.slice.
[[0;32m  OK  [0m] Created slice system-serial\x2dgetty.slice.
[  170.787124] systemd[1]: Listening on fsck to fsckd communication Socket.
[[0;32m  OK  [[  170.797278] iscsi: registered transport (tcp)
0m] Listening on fsck to fsckd communication Socket.
[  170.813293] systemd[1]: Starting File System Check on Root Device...
         Starting File System Check on Root Device...
[  170.822966] systemd[1]: Started Forward Password Requests to Wall Directory Watch.
[[0;32m  OK  [0m] Started Forward Password Requests to Wall Directory Watch.
[  170.834251] systemd[1]: Listening on Journal Socket (/dev/log).
[[0;32m  OK  [0m] Listening on Journal Socket (/dev/log).
[  170.842614] systemd[1]: Starting Journal Service...
         Starting Journal Service...
[  170.850527] systemd[1]: Reached target Slices.
[[0;32m  OK  [0m] Reached target Slices.
[  170.857498] systemd[1]: Mounted Huge Pages File System.
[[0;32m  OK  [0m] Mounted Huge Pages File System.
[  170.864672] systemd[1]: Mounted Debug File System.
[[0;32m  OK  [0m] Mounted Debug File System.
[  170.872009] systemd[1]: Mounted POSIX Message Queue File System.
[[0;32m  OK  [0m] Mounted POSIX Message Queue File System.
[  170.880685] systemd[1]: Started Uncomplicated firewall.
[[0;32m  OK  [0m] Started Uncomplicated firewall.
[  170.890585] systemd[1]: Started Set console keymap.
[[0;32m  OK  [0m] Started Set console keymap.
[  170.913959] systemd[1]: Started Create list of required static device nodes for the current kernel.
[  170.921318] iscsi: registered transport (iser)
[[0;32m  OK  [0m] Started Create list of required sta...ce nodes for the current kernel.
[  170.928275] systemd[1]: Started File System Check on Root Device.
[[0;32m  OK  [0m] Started File System Check on Root Device.
[  170.935115] systemd[1]: Started Load Kernel Modules.
[[0;32m  OK  [0m] Started Load Kernel Modules.
[  170.953411] systemd[1]: Started Nameserver information manager.
[[0;32m  OK  [0m] Started Nameserver information manager.
[  170.963566] systemd[1]: Started Journal Service.
[[0;32m  OK  [0m] Started Journal Service.
[[0;32m  OK  [0m] Started File System Check Daemon to report status.
[[0;32m  OK  [0m] Started LVM2 metadata daemon.
         Starting Apply Kernel Variables...
         Mounting FUSE Control File System...
         Starting Remount Root and Kernel File Systems...
         Starting Create Static Device Nodes in /dev...
[[0;32m  OK  [0m] Mounted FUSE Control File System.
[[0;32m  OK  [0m] Started Apply Kernel Variables.
[[0;32m  OK  [0m] Started Remount Root and Kernel File Systems.
[[0;32m  OK  [0m] Started Create Static Device Nodes in /dev.
         Starting udev Kernel Device Manager...
         Starting Load/Save Random Seed...
         Starting udev Coldplug all Devices...
         Starting Flush Journal to Persistent Storage...
[[0;32m  OK  [0m] Started Load/Save Random Seed.
[[0;32m  OK  [0m] Started Monitoring of LVM2 mirrors,...ng dmeventd or progress polling.
[[0;32m  OK  [0m] Reached target Local File Systems (Pre).
[[0;32m  OK  [0m] Reached target Local File Systems.
         Starting Initial cloud-init job (pre-networking)...
         Starting Tell Plymouth To Write Out Runtime Data...
         Starting LSB: AppArmor initialization...
         Starting Set console font and keymap...
[[0;32m  OK  [0m] Started udev Kernel Device Manager.
[[0;32m  OK  [0m] Started Tell Plymouth To Write Out Runtime Data.
[[0;32m  OK  [0m] Started Flush Journal to Persistent Storage.
         Starting Create Volatile Files and Directories...
[[0;32m  OK  [0m] Started udev Coldplug all Devices.
[[0;32m  OK  [0m] Started Dispatch Password Requests to Console Directory Watch.
[[0;32m  OK  [0m] Started Create Volatile Files and Directories.
         Starting Update UTMP about System Boot/Shutdown...
[[0;32m  OK  [0m] Started Update UTMP about System Boot/Shutdown.
[[0;32m  OK  [0m] Started LSB: AppArmor initialization.
         Starting Load AppArmor profiles managed internally by snapd...
[[0;32m  OK  [0m] Started Load AppArmor profiles managed internally by snapd.
[[0;32m  OK  [0m] Found device /dev/ttyS0.
[[0;32m  OK  [0m] Listening on Load/Save RF Kill Switch Status /dev/rfkill Watch.
[[0;32m  OK  [0m] Started Set console font and keymap.
[[0;32m  OK  [0m] Created slice system-getty.slice.
[[0;32m  OK  [0m[  172.645570] cloud-init[461]: Cloud-init v. 21.1-19-gbad84ad4-0ubuntu1~16.04.2 running 'init-local' at Mon, 12 Jul 2021 09:18:13 +0000. Up 172.39 seconds.
] Found device 82540EM Gigabit Ethern...r (PRO/1000 MT Desktop Adapter).
[[0;32m  OK  [0m] Started Initial cloud-init job (pre-networking).
[[0;32m  OK  [0m] Reached target Network (Pre).
[[0;32m  OK  [0m] Started ifup for enp0s3.
         Starting Raise network interfaces...
[[0;32m  OK  [0m] Started Raise network interfaces.
[[0;32m  OK  [0m] Reached target Network.
         Starting Initial cloud-init job (metadata service crawler)...
[  173.291693] cloud-init[956]: Cloud-init v. 21.1-19-gbad84ad4-0ubuntu1~16.04.2 running 'init' at Mon, 12 Jul 2021 09:18:13 +0000. Up 173.10 seconds.
[  173.298647] cloud-init[956]: ci-info: +++++++++++++++++++++++++++++++++++++Net device info++++++++++++++++++++++++++++++++++++++
[  173.304677] cloud-init[956]: ci-info: +--------+------+---------------------------+---------------+--------+-------------------+
[  173.311279] cloud-init[956]: ci-info: | Device |  Up  |          Address          |      Mask     | Scope  |     Hw-Address    |
[  173.318207] cloud-init[956]: ci-info: +--------+------+---------------------------+---------------+--------+-------------------+
[  173.325558] cloud-init[956]: ci-info: | enp0s3 | True |         10.0.2.15         | 255.255.255.0 | global | 02:0f:93:65:62:e0 |
[[0;32m  OK  [0m] Started Initial cloud-init job (metadata service crawler).
[[0;32m  OK  [0m] Reached target Cloud-config availability.
[[0;32m  OK  [0m] Reached target Network is Online.
[  173.334838] cloud-init[956]: ci-info: | enp0s3 | True | fe80::f:93ff:fe65:62e0/64 |       .       |  link  | 02:0f:93:65:62:e0 |
[  173.344138] cloud-init[956]: ci-info: |   lo   | True |         127.0.0.1         |   255.0.0.0   |  host  |         .         |         Starting iSCSI initiator daemon (iscsid)...
[[0;32m  OK  [0m] Reached target System Initialization.

[[0;32m  OK  [0m] Started Message of the Day.
         Starting LXD - unix socket.
[[0;32m  OK  [0m] Listening on ACPID Listen Socket.
[[0;32m  OK  [0m] Listening on UUID daemon activation socket.
[  173.356424] cloud-init[956]: ci-info: |   lo   | True |          ::1/128          |       .       |  host  |         .         |
[[0;32m  OK  [0m] Started ACPI Events Check.
[  173.369347] [[0;32m  OK  [0m] Reached target Paths.
[[0;32m  OK  [0m] Started Daily apt download activities.
[[0;32m  OK  [0m] Started Daily apt upgrade and clean activities.
[[0;32m  OK  [0m] Started Daily Cleanup of Temporary Directories.
[[0;32m  OK  [0m] Listening on D-Bus System Message Bus Socket.
         Starting Socket activation for snappy daemon.
[[0;32m  OK  [0m] Started Ubuntu Advantage update messaging.
[[0;32m  OK  [0m] Reached target Timers.
[[0;32m  OK  [0m] Listening on LXD - unix socket.
[[0;32m  OK  [0m] Listening on Socket activation for snappy daemon.
[[0;32m  OK  [0m] Reached target Sockets.
[[0;32m  OK  [0m] Reached target Basic System.
         Starting LSB: MD monitoring daemon...
         Starting /etc/rc.local Compatibility...
[[0;32m  OK  [0m] Started FUSE filesystem for LXC.
         Starting Accounts Service...
cloud-init[[0;32m  OK  [0m] Started Regular background program processing daemon.
         Starting LSB: Record successful boot for GRUB...
[[0;32m  OK  [0m] Started Deferred execution scheduler.
[956]: ci-info: +--------+------+---------------------------+---------------+--------+-------------------+
         Starting Login Service...
         Starting Ubuntu Advantage APT and MOTD Messages...
[[0;32m  OK  [0m] Started ACPI event daemon.
         Starting OpenBSD Secure Shell server...
         Starting Daily apt upgrade and clean activities...
[[0;32m  OK  [0m] Started D-Bus System Message Bus.
[  173.407490] cloud-init[956]: ci-info: +++++++++++++++++++++++++++Route IPv4 info++++++++++++++++++++++++++++
[  173.444849] cloud-init[956]: ci-info: +-------+-------------+----------+---------------+-----------+-------+
[  173.449077] cloud-init[956]: ci-info: | Route | Destination | Gateway  |    Genmask    | Interface | Flags |
[  173.454326] cloud-init[956]: ci-info: +-------+-------------+----------+---------------+-----------+-------+
[  173.464290] cloud-init[956]: ci-info: |   0   |   0.0.0.0   | 10.0.2.2 |    0.0.0.0    |   enp0s3  |   UG  |
[  173.475326] cloud-init[956]: ci-info: |   1   |   10.0.2.0  | 0.0.0.0  | 255.255.255.0 |   enp0s3  |   U   |
[  173.482625] cloud-init[956]: ci-info: +-------+-------------+----------+---------------+-----------+-------+
[  173.487437] cloud-init[956]: ci-info: +++++++++++++++++++Route IPv6 info+++++++++++++++++++
[  173.491316] cloud-init[956]: ci-info: +-------+-------------+---------+-----------+-------+
[  173.497027] cloud-init[956]: ci-info: | Route | Destination | Gateway | Interface | Flags |
[  173.503206] cloud-init[956]: ci-info: +-------+-------------+---------+-----------+-------+
[  173.507406] cloud-init[956]: ci-info: |   0   |  fe80::/64  |    ::   |   enp0s3  |   U   |
[  173.521325] cloud-init[956]:          Starting Virtualbox guest utils...
         Starting LXD - container startup/shutdown...
         Starting System Logging Service...
         Starting Snap Daemon...
[[0;32m  OK  [0m] Started iSCSI initiator daemon (iscsid).
[[0;32m  OK  [0m] Started /etc/rc.local Compatibility.
[[0;32m  OK  [0m] Started OpenBSD Secure Shell server.
ci-info: |   3   |   ff00::/8  |    ::   |   enp0s3  |   U   |
[[0;32m  OK  [0m] Started System Logging Service.
[  173.600729] cloud-init[956]: ci-info: +-------+-------------+---------+-----------+-------+
[[0;32m  OK  [0m] Started Login Service.
[[0;32m  OK  [0m] Started LSB: Record successful boot for GRUB.
[[0;32m  OK  [0m] Started Unattended Upgrades Shutdown.
         Starting Authenticate and Authorize Users to Run Privileged Tasks...
         Starting Login to default iSCSI targets...
[[0;32m  OK  [0m] Started LSB: MD monitoring daemon.
[[0;32m  OK  [0m] Started Login to default iSCSI targets.
[[0;32m  OK  [0m] Reached target Remote File Systems (Pre).
         Mounting /vagrant...
[[0;1;31mFAILED[0m] Failed to mount /vagrant.
See 'systemctl status vagrant.mount' for details.
[[0;1;33mDEPEND[0m] Dependency failed for Remote File Systems.
         Starting LSB: daemon to balance interrupts for SMP systems...
         Starting LSB: Set the CPU Frequency Scaling governor to "ondemand"...
         Starting LSB: automatic crash report generation...
         Starting Permit User Sessions...
[[0;32m  OK  [0m] Started LXD - container startup/shutdown.
[[0;32m  OK  [0m] Started Authenticate and Authorize Users to Run Privileged Tasks.
[[0;32m  OK  [0m] Started Permit User Sessions.
[[0;32m  OK  [0m] Started Accounts Service.
         Starting Terminate Plymouth Boot Screen...
         Starting Hold until boot process finishes up...
[[0;32m  OK  [0m] Started Terminate Plymouth Boot Screen.
[[0;32m  OK  [0m] Started Hold until boot process finishes up.
[[0;32m  OK  [0m] Started Getty on tty1.
         Starting Set console scheme...
[[0;32m  OK  [0m] Started Serial Getty on ttyS0.
[[0;32m  OK  [0m] Reached target Login Prompts.
[[0;32m  OK  [0m] Started Virtualbox guest utils.
[[0;32m  OK  [0m] Started LSB: daemon to balance interrupts for SMP systems.
[[0;32m  OK  [0m] Started LSB: Set the CPU Frequency Scaling governor to "ondemand".
[[0;32m  OK  [0m] Started LSB: automatic crash report generation.
[[0;32m  OK  [0m] Started Set console scheme.
[[0;32m  OK  [0m] Started Snap Daemon.
         Starting Wait until snapd is fully seeded...
[[0;32m  OK  [0m] Started Wait until snapd is fully seeded.
         Starting Apply the settings specified in cloud-config...
[[0;32m  OK  [0m] Reached target Multi-User System.
[[0;32m  OK  [0m] Reached target Graphical Interface.
         Starting Update UTMP about System Runlevel Changes...
[[0;32m  OK  [0m] Started Update UTMP about System Runlevel Changes.
[[0;32m  OK  [0m] Started Ubuntu Advantage APT and MOTD Messages.
[  175.341581] cloud-init[1259]: Cloud-init v. 21.1-19-gbad84ad4-0ubuntu1~16.04.2 running 'modules:config' at Mon, 12 Jul 2021 09:18:16 +0000. Up 175.21 seconds.
[[0;32m  OK  [0m] Started Apply the settings specified in cloud-config.
         Starting Execute cloud user/final scripts...
[  175.700026] cloud-init[1295]: Cloud-init v. 21.1-19-gbad84ad4-0ubuntu1~16.04.2 running 'modules:final' at Mon, 12 Jul 2021 09:18:16 +0000. Up 175.61 seconds.
[  175.718663] cloud-init[1295]: Cloud-init v. 21.1-19-gbad84ad4-0ubuntu1~16.04.2 finished at Mon, 12 Jul 2021 09:18:16 +0000. Datasource DataSourceNoCloud [seed=/dev/sdb][dsmode=net].  Up 175.69 seconds
[[0;32m  OK  [0m] Started Execute cloud user/final scripts.
[[0;32m  OK  [0m] Reached target Cloud-init target.
[[0;32m  OK  [0m] Started Daily apt upgrade and clean activities.

Ubuntu 16.04.7 LTS ubuntu-xenial ttyS0

ubuntu-xenial login: 